TN:
SF:src/components/Form/Button/index.tsx
FN:11,Button
FNF:1
FNH:1
FNDA:4,Button
DA:12,4
LF:1
LH:1
BRF:0
BRH:0
end_of_record
TN:
SF:src/components/Form/CategorySelectButton/index.tsx
FN:11,CategorySelectButton
FNF:1
FNH:1
FNDA:2,CategorySelectButton
DA:12,2
LF:1
LH:1
BRF:0
BRH:0
end_of_record
TN:
SF:src/components/Form/Input/index.tsx
FN:13,Input
FNF:1
FNH:1
FNDA:5,Input
DA:14,5
LF:1
LH:1
BRDA:13,0,0,4
BRF:1
BRH:1
end_of_record
TN:
SF:src/components/Form/InputForm/index.tsx
FN:17,InputForm
FN:22,(anonymous_1)
FNF:2
FNH:2
FNDA:4,InputForm
FNDA:4,(anonymous_1)
DA:18,4
DA:23,4
LF:2
LH:2
BRDA:27,0,0,4
BRDA:27,0,1,0
BRF:2
BRH:1
end_of_record
TN:
SF:src/components/Form/TransactionTypeButton/index.tsx
FN:17,TransactionTypeButton
FNF:1
FNH:1
FNDA:4,TransactionTypeButton
DA:6,1
DA:23,4
LF:2
LH:2
BRF:0
BRH:0
end_of_record
TN:
SF:src/components/HighlightCard/index.tsx
FN:26,HighlightCard
FNF:1
FNH:0
FNDA:0,HighlightCard
DA:20,0
DA:27,0
LF:2
LH:0
BRF:0
BRH:0
end_of_record
TN:
SF:src/components/HistoryCard/index.tsx
FN:11,HistoryCard
FNF:1
FNH:0
FNDA:0,HistoryCard
DA:12,0
LF:1
LH:0
BRF:0
BRH:0
end_of_record
TN:
SF:src/components/SignInSocialButton/index.tsx
FN:13,SignInSocialButton
FNF:1
FNH:0
FNDA:0,SignInSocialButton
DA:14,0
LF:1
LH:0
BRF:0
BRH:0
end_of_record
TN:
SF:src/components/TransactionCard/index.tsx
FN:27,TransactionCard
FN:28,(anonymous_1)
FNF:2
FNH:0
FNDA:0,TransactionCard
FNDA:0,(anonymous_1)
DA:28,0
DA:30,0
LF:2
LH:0
BRDA:35,0,0,0
BRDA:35,0,1,0
BRF:2
BRH:0
end_of_record
TN:
SF:src/hooks/auth.tsx
FN:45,AuthProvider
FN:51,signInWithGoogle
FN:83,signInWithApple
FN:111,signOut
FN:116,(anonymous_4)
FN:117,loadUserStorageDate
FN:144,useAuth
FNF:7
FNH:5
FNDA:7,AuthProvider
FNDA:3,signInWithGoogle
FNDA:0,signInWithApple
FNDA:0,signOut
FNDA:3,(anonymous_4)
FNDA:3,loadUserStorageDate
FNDA:9,useAuth
DA:40,2
DA:42,2
DA:43,2
DA:46,7
DA:47,7
DA:49,7
DA:52,3
DA:53,3
DA:54,3
DA:56,3
DA:58,3
DA:62,2
DA:63,1
DA:66,1
DA:68,1
DA:75,1
DA:76,1
DA:79,1
DA:84,0
DA:85,0
DA:92,0
DA:93,0
DA:94,0
DA:96,0
DA:102,0
DA:104,0
DA:107,0
DA:112,0
DA:113,0
DA:116,7
DA:118,3
DA:120,3
DA:121,0
DA:122,0
DA:124,3
DA:126,3
DA:129,7
DA:145,9
DA:147,9
LF:39
LH:26
BRDA:62,0,0,1
BRDA:62,0,1,1
BRDA:92,1,0,0
BRDA:92,1,1,0
BRDA:120,2,0,0
BRDA:120,2,1,3
BRF:6
BRH:3
end_of_record
TN:
SF:src/routes/app.routes.tsx
FN:13,AppRoutes
FN:35,(anonymous_1)
FN:50,(anonymous_2)
FN:61,(anonymous_3)
FNF:4
FNH:0
FNDA:0,AppRoutes
FNDA:0,(anonymous_1)
FNDA:0,(anonymous_2)
FNDA:0,(anonymous_3)
DA:11,0
DA:14,0
DA:16,0
DA:36,0
DA:51,0
DA:62,0
LF:6
LH:0
BRDA:26,0,0,0
BRDA:26,0,1,0
BRF:2
BRH:0
end_of_record
TN:
SF:src/routes/auth.routes.tsx
FN:8,AuthRoutes
FNF:1
FNH:0
FNDA:0,AuthRoutes
DA:6,0
DA:9,0
LF:2
LH:0
BRF:0
BRH:0
end_of_record
TN:
SF:src/routes/index.tsx
FN:9,Routes
FNF:1
FNH:0
FNDA:0,Routes
DA:10,0
DA:12,0
LF:2
LH:0
BRDA:14,0,0,0
BRDA:14,0,1,0
BRF:2
BRH:0
end_of_record
TN:
SF:src/screens/CategorySelect/index.tsx
FN:28,CategorySelect
FN:33,handleCategorySelect
FN:46,(anonymous_2)
FN:47,(anonymous_3)
FN:49,(anonymous_4)
FN:57,(anonymous_5)
FNF:6
FNH:4
FNDA:2,CategorySelect
FNDA:0,handleCategorySelect
FNDA:12,(anonymous_2)
FNDA:12,(anonymous_3)
FNDA:0,(anonymous_4)
FNDA:10,(anonymous_5)
DA:34,0
DA:37,2
DA:46,12
DA:48,12
DA:49,0
DA:57,10
LF:6
LH:4
BRF:0
BRH:0
end_of_record
TN:
SF:src/screens/Dashboard/index.tsx
FN:48,Dashboard
FN:61,(anonymous_1)
FN:66,(anonymous_2)
FN:76,(anonymous_3)
FN:88,loadTransaction
FN:98,(anonymous_5)
FN:138,(anonymous_6)
FN:192,(anonymous_7)
FN:198,(anonymous_8)
FN:259,(anonymous_9)
FN:260,(anonymous_10)
FNF:11
FNH:0
FNDA:0,Dashboard
FNDA:0,(anonymous_1)
FNDA:0,(anonymous_2)
FNDA:0,(anonymous_3)
FNDA:0,loadTransaction
FNDA:0,(anonymous_5)
FNDA:0,(anonymous_6)
FNDA:0,(anonymous_7)
FNDA:0,(anonymous_8)
FNDA:0,(anonymous_9)
FNDA:0,(anonymous_10)
DA:49,0
DA:51,0
DA:53,0
DA:57,0
DA:59,0
DA:61,0
DA:65,0
DA:66,0
DA:69,0
DA:72,0
DA:77,0
DA:82,0
DA:89,0
DA:90,0
DA:92,0
DA:94,0
DA:95,0
DA:97,0
DA:99,0
DA:100,0
DA:102,0
DA:105,0
DA:110,0
DA:116,0
DA:127,0
DA:129,0
DA:133,0
DA:138,0
DA:139,0
DA:140,0
DA:141,0
DA:143,0
DA:144,0
DA:145,0
DA:148,0
DA:151,0
DA:154,0
DA:156,0
DA:189,0
DA:192,0
DA:193,0
DA:197,0
DA:199,0
DA:204,0
DA:259,0
DA:260,0
LF:46
LH:0
BRDA:69,0,0,0
BRDA:69,0,1,0
BRDA:92,1,0,0
BRDA:92,1,1,0
BRDA:99,2,0,0
BRDA:99,2,1,0
BRDA:139,3,0,0
BRDA:139,3,1,0
BRDA:143,4,0,0
BRDA:143,4,1,0
BRDA:148,5,0,0
BRDA:148,5,1,0
BRDA:163,6,0,0
BRDA:163,6,1,0
BRDA:173,7,0,0
BRDA:173,7,1,0
BRDA:183,8,0,0
BRDA:183,8,1,0
BRDA:206,9,0,0
BRDA:206,9,1,0
BRF:20
BRH:0
end_of_record
TN:
SF:src/screens/Profile/index.tsx
FN:5,Profile
FN:26,(anonymous_1)
FNF:2
FNH:1
FNDA:3,Profile
FNDA:0,(anonymous_1)
DA:6,3
DA:28,0
LF:2
LH:1
BRF:0
BRH:0
end_of_record
TN:
SF:src/screens/Register/index.tsx
FN:46,Register
FN:68,handleTransactionTypeSelect
FN:72,handleSelectionCategoryModal
FN:81,handleRegister
FN:153,(anonymous_4)
FN:159,(anonymous_5)
FN:167,(anonymous_6)
FN:178,(anonymous_7)
FNF:8
FNH:3
FNDA:2,Register
FNDA:0,handleTransactionTypeSelect
FNDA:1,handleSelectionCategoryModal
FNDA:0,handleRegister
FNDA:0,(anonymous_4)
FNDA:0,(anonymous_5)
FNDA:1,(anonymous_6)
FNDA:0,(anonymous_7)
DA:37,1
DA:47,2
DA:52,2
DA:54,2
DA:55,2
DA:57,2
DA:64,2
DA:69,0
DA:79,1
DA:82,0
DA:83,0
DA:85,0
DA:86,0
DA:88,0
DA:97,0
DA:98,0
DA:100,0
DA:101,0
DA:103,0
DA:105,0
DA:107,0
DA:109,0
DA:114,0
DA:116,0
DA:118,0
DA:120,0
DA:124,2
DA:153,0
DA:159,0
DA:167,1
DA:178,0
LF:31
LH:10
BRDA:82,0,0,0
BRDA:82,0,1,0
BRDA:85,1,0,0
BRDA:85,1,1,0
BRDA:101,2,0,0
BRDA:101,2,1,0
BRDA:139,3,0,2
BRDA:139,3,1,0
BRDA:146,4,0,2
BRDA:146,4,1,0
BRF:10
BRH:2
end_of_record
TN:
SF:src/screens/Resume/index.tsx
FN:49,Resume
FN:61,handleDateChange
FN:69,loadData
FN:78,(anonymous_3)
FN:85,(anonymous_4)
FN:93,(anonymous_5)
FN:96,(anonymous_6)
FN:126,(anonymous_7)
FN:152,(anonymous_8)
FN:158,(anonymous_9)
FN:166,(anonymous_10)
FN:177,(anonymous_11)
FNF:12
FNH:0
FNDA:0,Resume
FNDA:0,handleDateChange
FNDA:0,loadData
FNDA:0,(anonymous_3)
FNDA:0,(anonymous_4)
FNDA:0,(anonymous_5)
FNDA:0,(anonymous_6)
FNDA:0,(anonymous_7)
FNDA:0,(anonymous_8)
FNDA:0,(anonymous_9)
FNDA:0,(anonymous_10)
FNDA:0,(anonymous_11)
DA:50,0
DA:52,0
DA:54,0
DA:58,0
DA:59,0
DA:62,0
DA:63,0
DA:65,0
DA:70,0
DA:72,0
DA:74,0
DA:75,0
DA:77,0
DA:79,0
DA:84,0
DA:86,0
DA:91,0
DA:93,0
DA:94,0
DA:96,0
DA:97,0
DA:98,0
DA:101,0
DA:102,0
DA:107,0
DA:111,0
DA:121,0
DA:122,0
DA:125,0
DA:127,0
DA:132,0
DA:152,0
DA:158,0
DA:166,0
DA:178,0
LF:35
LH:0
BRDA:62,0,0,0
BRDA:62,0,1,0
BRDA:75,1,0,0
BRDA:75,1,1,0
BRDA:79,2,0,0
BRDA:79,2,1,0
BRDA:79,2,2,0
BRDA:97,3,0,0
BRDA:97,3,1,0
BRDA:101,4,0,0
BRDA:101,4,1,0
BRDA:138,5,0,0
BRDA:138,5,1,0
BRF:13
BRH:0
end_of_record
TN:
SF:src/screens/SignIn/index.tsx
FN:24,SignIn
FN:31,handleSignInWithGoogle
FN:41,handleSignInWithApple
FN:75,(anonymous_3)
FN:81,(anonymous_4)
FNF:5
FNH:0
FNDA:0,SignIn
FNDA:0,handleSignInWithGoogle
FNDA:0,handleSignInWithApple
FNDA:0,(anonymous_3)
FNDA:0,(anonymous_4)
DA:25,0
DA:27,0
DA:29,0
DA:32,0
DA:33,0
DA:34,0
DA:36,0
DA:37,0
DA:42,0
DA:43,0
DA:44,0
DA:46,0
DA:47,0
DA:51,0
DA:75,0
DA:81,0
LF:16
LH:0
BRDA:77,0,0,0
BRDA:77,0,1,0
BRDA:86,1,0,0
BRDA:86,1,1,0
BRF:4
BRH:0
end_of_record
